[debug] [2024-12-08T21:47:45.742Z] ----------------------------------------------------------------------
[debug] [2024-12-08T21:47:45.744Z] Command:       C:\Program Files\nodejs\node.exe C:\Users\User\AppData\Roaming\npm\node_modules\firebase-tools\lib\bin\firebase.js init
[debug] [2024-12-08T21:47:45.744Z] CLI Version:   13.28.0
[debug] [2024-12-08T21:47:45.744Z] Platform:      win32
[debug] [2024-12-08T21:47:45.744Z] Node Version:  v18.20.5
[debug] [2024-12-08T21:47:45.745Z] Time:          Mon Dec 09 2024 04:47:45 GMT+0700 (Indochina Time)
[debug] [2024-12-08T21:47:45.745Z] ----------------------------------------------------------------------
[debug] 
[debug] [2024-12-08T21:47:45.808Z] > command requires scopes: ["email","openid","https://www.googleapis.com/auth/cloudplatformprojects.readonly","https://www.googleapis.com/auth/firebase","https://www.googleapis.com/auth/cloud-platform"]
[debug] [2024-12-08T21:47:45.809Z] > authorizing via signed-in user (mikiqueen2004@gmail.com)
[info] 
     ######## #### ########  ######## ########     ###     ######  ########
     ##        ##  ##     ## ##       ##     ##  ##   ##  ##       ##
     ######    ##  ########  ######   ########  #########  ######  ######
     ##        ##  ##    ##  ##       ##     ## ##     ##       ## ##
     ##       #### ##     ## ######## ########  ##     ##  ######  ########

You're about to initialize a Firebase project in this directory:

  C:\Users\User\IOT-Zebra\my-firebase-app

Before we get started, keep in mind:

  * You are initializing within an existing Firebase project directory

